<?xml version="1.0" encoding="UTF-8"?>
<robot generator="Robot 6.1.1 (Python 3.13.0 on darwin)" generated="20241126 12:32:41.181" rpa="false" schemaversion="4">
<suite id="s1" name="Tests" source="/Users/nikoiljin/Desktop/kurssit/ohtu/osa3/hello-robot/src/tests">
<suite id="s1-s1" name="Increase Counter" source="/Users/nikoiljin/Desktop/kurssit/ohtu/osa3/hello-robot/src/tests/increase_counter.robot">
<test id="s1-s1-t1" name="Increase Counter Once" line="5">
<kw name="Counter Value Should Be" library="CounterLibrary">
<arg>0</arg>
<status status="PASS" starttime="20241126 12:32:41.197" endtime="20241126 12:32:41.197"/>
</kw>
<kw name="Increase Counter" library="CounterLibrary">
<status status="PASS" starttime="20241126 12:32:41.197" endtime="20241126 12:32:41.197"/>
</kw>
<kw name="Counter Value Should Be" library="CounterLibrary">
<arg>1</arg>
<status status="PASS" starttime="20241126 12:32:41.197" endtime="20241126 12:32:41.197"/>
</kw>
<status status="PASS" starttime="20241126 12:32:41.197" endtime="20241126 12:32:41.197"/>
</test>
<test id="s1-s1-t2" name="Increase Counter Many Times" line="10">
<kw name="Counter Value Should Be" library="CounterLibrary">
<arg>0</arg>
<status status="PASS" starttime="20241126 12:32:41.197" endtime="20241126 12:32:41.198"/>
</kw>
<kw name="Increase Counter" library="CounterLibrary">
<status status="PASS" starttime="20241126 12:32:41.198" endtime="20241126 12:32:41.198"/>
</kw>
<kw name="Increase Counter" library="CounterLibrary">
<status status="PASS" starttime="20241126 12:32:41.198" endtime="20241126 12:32:41.198"/>
</kw>
<kw name="Increase Counter" library="CounterLibrary">
<status status="PASS" starttime="20241126 12:32:41.198" endtime="20241126 12:32:41.198"/>
</kw>
<kw name="Counter Value Should Be" library="CounterLibrary">
<arg>3</arg>
<status status="PASS" starttime="20241126 12:32:41.198" endtime="20241126 12:32:41.198"/>
</kw>
<status status="PASS" starttime="20241126 12:32:41.197" endtime="20241126 12:32:41.198"/>
</test>
<test id="s1-s1-t3" name="Increment Counter By Amount" line="17">
<kw name="Counter Value Should Be" library="CounterLibrary">
<arg>0</arg>
<status status="PASS" starttime="20241126 12:32:41.198" endtime="20241126 12:32:41.198"/>
</kw>
<kw name="Increment Counter By" library="CounterLibrary">
<arg>5</arg>
<status status="PASS" starttime="20241126 12:32:41.198" endtime="20241126 12:32:41.198"/>
</kw>
<kw name="Counter Value Should Be" library="CounterLibrary">
<arg>5</arg>
<status status="PASS" starttime="20241126 12:32:41.198" endtime="20241126 12:32:41.198"/>
</kw>
<status status="PASS" starttime="20241126 12:32:41.198" endtime="20241126 12:32:41.198"/>
</test>
<status status="PASS" starttime="20241126 12:32:41.195" endtime="20241126 12:32:41.198"/>
</suite>
<suite id="s1-s2" name="Reset Counter" source="/Users/nikoiljin/Desktop/kurssit/ohtu/osa3/hello-robot/src/tests/reset_counter.robot">
<test id="s1-s2-t1" name="Reset Counter After One Increment" line="5">
<kw name="Counter Value Should Be" library="CounterLibrary">
<arg>0</arg>
<status status="PASS" starttime="20241126 12:32:41.199" endtime="20241126 12:32:41.199"/>
</kw>
<kw name="Increase Counter" library="CounterLibrary">
<status status="PASS" starttime="20241126 12:32:41.199" endtime="20241126 12:32:41.199"/>
</kw>
<kw name="Counter Value Should Be" library="CounterLibrary">
<arg>1</arg>
<status status="PASS" starttime="20241126 12:32:41.199" endtime="20241126 12:32:41.199"/>
</kw>
<kw name="Reset Counter">
<msg timestamp="20241126 12:32:41.200" level="FAIL">No keyword with name 'Reset Counter' found.</msg>
<status status="FAIL" starttime="20241126 12:32:41.200" endtime="20241126 12:32:41.200"/>
</kw>
<kw name="Counter Value Should Be" library="CounterLibrary">
<arg>0</arg>
<status status="NOT RUN" starttime="20241126 12:32:41.200" endtime="20241126 12:32:41.200"/>
</kw>
<status status="FAIL" starttime="20241126 12:32:41.199" endtime="20241126 12:32:41.200">No keyword with name 'Reset Counter' found.</status>
</test>
<test id="s1-s2-t2" name="Reset Counter After Several Increments" line="12">
<kw name="Counter Value Should Be" library="CounterLibrary">
<arg>0</arg>
<status status="PASS" starttime="20241126 12:32:41.200" endtime="20241126 12:32:41.200"/>
</kw>
<kw name="Increment Counter By" library="CounterLibrary">
<arg>5</arg>
<status status="PASS" starttime="20241126 12:32:41.200" endtime="20241126 12:32:41.200"/>
</kw>
<kw name="Counter Value Should Be" library="CounterLibrary">
<arg>5</arg>
<status status="PASS" starttime="20241126 12:32:41.200" endtime="20241126 12:32:41.200"/>
</kw>
<kw name="Reset Counter">
<msg timestamp="20241126 12:32:41.201" level="FAIL">No keyword with name 'Reset Counter' found.</msg>
<status status="FAIL" starttime="20241126 12:32:41.201" endtime="20241126 12:32:41.201"/>
</kw>
<kw name="Counter Value Should Be" library="CounterLibrary">
<arg>0</arg>
<status status="NOT RUN" starttime="20241126 12:32:41.201" endtime="20241126 12:32:41.201"/>
</kw>
<status status="FAIL" starttime="20241126 12:32:41.200" endtime="20241126 12:32:41.201">No keyword with name 'Reset Counter' found.</status>
</test>
<status status="FAIL" starttime="20241126 12:32:41.198" endtime="20241126 12:32:41.201"/>
</suite>
<status status="FAIL" starttime="20241126 12:32:41.182" endtime="20241126 12:32:41.201"/>
</suite>
<statistics>
<total>
<stat pass="3" fail="2" skip="0">All Tests</stat>
</total>
<tag>
</tag>
<suite>
<stat pass="3" fail="2" skip="0" id="s1" name="Tests">Tests</stat>
<stat pass="3" fail="0" skip="0" id="s1-s1" name="Increase Counter">Tests.Increase Counter</stat>
<stat pass="0" fail="2" skip="0" id="s1-s2" name="Reset Counter">Tests.Reset Counter</stat>
</suite>
</statistics>
<errors>
</errors>
</robot>
