<?xml version="1.0" encoding="UTF-8"?>
<robot generator="Robot 6.1.1 (Python 3.13.0 on darwin)" generated="20241126 14:00:38.357" rpa="false" schemaversion="4">
<suite id="s1" name="Tests" source="/Users/nikoiljin/Desktop/kurssit/ohtu/osa3/login-robot/src/tests">
<suite id="s1-s1" name="Login" source="/Users/nikoiljin/Desktop/kurssit/ohtu/osa3/login-robot/src/tests/login.robot">
<test id="s1-s1-t1" name="Login With Correct Credentials" line="6">
<kw name="Create User And Input Login Command" type="SETUP">
<kw name="Create User" library="AppLibrary">
<arg>kalle</arg>
<arg>kalle123</arg>
<status status="PASS" starttime="20241126 14:00:38.374" endtime="20241126 14:00:38.374"/>
</kw>
<kw name="Input Login Command" library="resource">
<kw name="Input" library="AppLibrary">
<arg>login</arg>
<status status="PASS" starttime="20241126 14:00:38.374" endtime="20241126 14:00:38.374"/>
</kw>
<status status="PASS" starttime="20241126 14:00:38.374" endtime="20241126 14:00:38.374"/>
</kw>
<status status="PASS" starttime="20241126 14:00:38.374" endtime="20241126 14:00:38.374"/>
</kw>
<kw name="Input Credentials" library="resource">
<arg>kalle</arg>
<arg>kalle123</arg>
<kw name="Input" library="AppLibrary">
<arg>${username}</arg>
<status status="PASS" starttime="20241126 14:00:38.374" endtime="20241126 14:00:38.374"/>
</kw>
<kw name="Input" library="AppLibrary">
<arg>${password}</arg>
<status status="PASS" starttime="20241126 14:00:38.374" endtime="20241126 14:00:38.374"/>
</kw>
<kw name="Run Application" library="AppLibrary">
<status status="PASS" starttime="20241126 14:00:38.374" endtime="20241126 14:00:38.374"/>
</kw>
<status status="PASS" starttime="20241126 14:00:38.374" endtime="20241126 14:00:38.374"/>
</kw>
<kw name="Output Should Contain" library="AppLibrary">
<arg>Logged in</arg>
<status status="PASS" starttime="20241126 14:00:38.374" endtime="20241126 14:00:38.374"/>
</kw>
<status status="PASS" starttime="20241126 14:00:38.373" endtime="20241126 14:00:38.374"/>
</test>
<status status="PASS" starttime="20241126 14:00:38.370" endtime="20241126 14:00:38.375"/>
</suite>
<suite id="s1-s2" name="Register" source="/Users/nikoiljin/Desktop/kurssit/ohtu/osa3/login-robot/src/tests/register.robot">
<test id="s1-s2-t1" name="Register With Valid Username And Password" line="6">
<kw name="Input New Command" library="resource" type="SETUP">
<kw name="Input" library="AppLibrary">
<arg>new</arg>
<status status="PASS" starttime="20241126 14:00:38.375" endtime="20241126 14:00:38.375"/>
</kw>
<status status="PASS" starttime="20241126 14:00:38.375" endtime="20241126 14:00:38.375"/>
</kw>
<kw name="Input Credentials" library="resource">
<arg>kallo</arg>
<arg>kalle12356</arg>
<kw name="Input" library="AppLibrary">
<arg>${username}</arg>
<status status="PASS" starttime="20241126 14:00:38.375" endtime="20241126 14:00:38.376"/>
</kw>
<kw name="Input" library="AppLibrary">
<arg>${password}</arg>
<status status="PASS" starttime="20241126 14:00:38.376" endtime="20241126 14:00:38.376"/>
</kw>
<kw name="Run Application" library="AppLibrary">
<status status="PASS" starttime="20241126 14:00:38.376" endtime="20241126 14:00:38.376"/>
</kw>
<status status="PASS" starttime="20241126 14:00:38.375" endtime="20241126 14:00:38.376"/>
</kw>
<kw name="Output Should Contain" library="AppLibrary">
<arg>New user registered</arg>
<status status="PASS" starttime="20241126 14:00:38.376" endtime="20241126 14:00:38.376"/>
</kw>
<status status="PASS" starttime="20241126 14:00:38.375" endtime="20241126 14:00:38.376"/>
</test>
<test id="s1-s2-t2" name="Register With Already Taken Username And Valid Password" line="10">
<kw name="Input New Command" library="resource" type="SETUP">
<kw name="Input" library="AppLibrary">
<arg>new</arg>
<status status="PASS" starttime="20241126 14:00:38.376" endtime="20241126 14:00:38.376"/>
</kw>
<status status="PASS" starttime="20241126 14:00:38.376" endtime="20241126 14:00:38.376"/>
</kw>
<kw name="Input Credentials" library="resource">
<arg>kalle</arg>
<arg>kalle2828282</arg>
<kw name="Input" library="AppLibrary">
<arg>${username}</arg>
<status status="PASS" starttime="20241126 14:00:38.376" endtime="20241126 14:00:38.376"/>
</kw>
<kw name="Input" library="AppLibrary">
<arg>${password}</arg>
<status status="PASS" starttime="20241126 14:00:38.376" endtime="20241126 14:00:38.376"/>
</kw>
<kw name="Run Application" library="AppLibrary">
<status status="PASS" starttime="20241126 14:00:38.376" endtime="20241126 14:00:38.376"/>
</kw>
<status status="PASS" starttime="20241126 14:00:38.376" endtime="20241126 14:00:38.376"/>
</kw>
<kw name="Input New Command" library="resource">
<kw name="Input" library="AppLibrary">
<arg>new</arg>
<status status="PASS" starttime="20241126 14:00:38.376" endtime="20241126 14:00:38.377"/>
</kw>
<status status="PASS" starttime="20241126 14:00:38.376" endtime="20241126 14:00:38.377"/>
</kw>
<kw name="Input Credentials" library="resource">
<arg>kalle</arg>
<arg>kalle2828282</arg>
<kw name="Input" library="AppLibrary">
<arg>${username}</arg>
<status status="PASS" starttime="20241126 14:00:38.377" endtime="20241126 14:00:38.377"/>
</kw>
<kw name="Input" library="AppLibrary">
<arg>${password}</arg>
<status status="PASS" starttime="20241126 14:00:38.377" endtime="20241126 14:00:38.377"/>
</kw>
<kw name="Run Application" library="AppLibrary">
<status status="PASS" starttime="20241126 14:00:38.377" endtime="20241126 14:00:38.377"/>
</kw>
<status status="PASS" starttime="20241126 14:00:38.377" endtime="20241126 14:00:38.377"/>
</kw>
<kw name="Output Should Contain" library="AppLibrary">
<arg>Username is already taken</arg>
<status status="PASS" starttime="20241126 14:00:38.377" endtime="20241126 14:00:38.377"/>
</kw>
<status status="PASS" starttime="20241126 14:00:38.376" endtime="20241126 14:00:38.377"/>
</test>
<test id="s1-s2-t3" name="Register With Too Short Username And Valid Password" line="16">
<kw name="Input New Command" library="resource" type="SETUP">
<kw name="Input" library="AppLibrary">
<arg>new</arg>
<status status="PASS" starttime="20241126 14:00:38.377" endtime="20241126 14:00:38.377"/>
</kw>
<status status="PASS" starttime="20241126 14:00:38.377" endtime="20241126 14:00:38.377"/>
</kw>
<kw name="Input Credentials" library="resource">
<arg>ka</arg>
<arg>kalle2828282</arg>
<kw name="Input" library="AppLibrary">
<arg>${username}</arg>
<status status="PASS" starttime="20241126 14:00:38.377" endtime="20241126 14:00:38.377"/>
</kw>
<kw name="Input" library="AppLibrary">
<arg>${password}</arg>
<status status="PASS" starttime="20241126 14:00:38.377" endtime="20241126 14:00:38.377"/>
</kw>
<kw name="Run Application" library="AppLibrary">
<status status="PASS" starttime="20241126 14:00:38.377" endtime="20241126 14:00:38.377"/>
</kw>
<status status="PASS" starttime="20241126 14:00:38.377" endtime="20241126 14:00:38.377"/>
</kw>
<kw name="Output Should Contain" library="AppLibrary">
<arg>Username must be at least 3 characters long and contain only lowercase letters</arg>
<status status="PASS" starttime="20241126 14:00:38.377" endtime="20241126 14:00:38.377"/>
</kw>
<status status="PASS" starttime="20241126 14:00:38.377" endtime="20241126 14:00:38.377"/>
</test>
<test id="s1-s2-t4" name="Register With Enough Long But Invalid Username And Valid Password" line="20">
<kw name="Input New Command" library="resource" type="SETUP">
<kw name="Input" library="AppLibrary">
<arg>new</arg>
<status status="PASS" starttime="20241126 14:00:38.378" endtime="20241126 14:00:38.378"/>
</kw>
<status status="PASS" starttime="20241126 14:00:38.378" endtime="20241126 14:00:38.378"/>
</kw>
<kw name="Input Credentials" library="resource">
<arg>kall__</arg>
<arg>kalle2828282</arg>
<kw name="Input" library="AppLibrary">
<arg>${username}</arg>
<status status="PASS" starttime="20241126 14:00:38.378" endtime="20241126 14:00:38.378"/>
</kw>
<kw name="Input" library="AppLibrary">
<arg>${password}</arg>
<status status="PASS" starttime="20241126 14:00:38.378" endtime="20241126 14:00:38.378"/>
</kw>
<kw name="Run Application" library="AppLibrary">
<status status="PASS" starttime="20241126 14:00:38.378" endtime="20241126 14:00:38.378"/>
</kw>
<status status="PASS" starttime="20241126 14:00:38.378" endtime="20241126 14:00:38.378"/>
</kw>
<kw name="Output Should Contain" library="AppLibrary">
<arg>Username must be at least 3 characters long and contain only lowercase letters</arg>
<status status="PASS" starttime="20241126 14:00:38.378" endtime="20241126 14:00:38.378"/>
</kw>
<status status="PASS" starttime="20241126 14:00:38.377" endtime="20241126 14:00:38.378"/>
</test>
<test id="s1-s2-t5" name="Register With Valid Username And Too Short Password" line="24">
<kw name="Input New Command" library="resource" type="SETUP">
<kw name="Input" library="AppLibrary">
<arg>new</arg>
<status status="PASS" starttime="20241126 14:00:38.378" endtime="20241126 14:00:38.378"/>
</kw>
<status status="PASS" starttime="20241126 14:00:38.378" endtime="20241126 14:00:38.378"/>
</kw>
<kw name="Input Credentials" library="resource">
<arg>kallo</arg>
<arg>ka8</arg>
<kw name="Input" library="AppLibrary">
<arg>${username}</arg>
<status status="PASS" starttime="20241126 14:00:38.378" endtime="20241126 14:00:38.378"/>
</kw>
<kw name="Input" library="AppLibrary">
<arg>${password}</arg>
<status status="PASS" starttime="20241126 14:00:38.378" endtime="20241126 14:00:38.378"/>
</kw>
<kw name="Run Application" library="AppLibrary">
<status status="PASS" starttime="20241126 14:00:38.378" endtime="20241126 14:00:38.378"/>
</kw>
<status status="PASS" starttime="20241126 14:00:38.378" endtime="20241126 14:00:38.378"/>
</kw>
<kw name="Output Should Contain" library="AppLibrary">
<arg>Password must be at least 8 characters long and contain at least one non-letter character</arg>
<status status="PASS" starttime="20241126 14:00:38.378" endtime="20241126 14:00:38.378"/>
</kw>
<status status="PASS" starttime="20241126 14:00:38.378" endtime="20241126 14:00:38.379"/>
</test>
<test id="s1-s2-t6" name="Register With Valid Username And Long Enough Password Containing Only Letters" line="29">
<kw name="Input New Command" library="resource" type="SETUP">
<kw name="Input" library="AppLibrary">
<arg>new</arg>
<status status="PASS" starttime="20241126 14:00:38.379" endtime="20241126 14:00:38.379"/>
</kw>
<status status="PASS" starttime="20241126 14:00:38.379" endtime="20241126 14:00:38.379"/>
</kw>
<kw name="Input Credentials" library="resource">
<arg>kallo</arg>
<arg>kasdsduduewc</arg>
<kw name="Input" library="AppLibrary">
<arg>${username}</arg>
<status status="PASS" starttime="20241126 14:00:38.379" endtime="20241126 14:00:38.379"/>
</kw>
<kw name="Input" library="AppLibrary">
<arg>${password}</arg>
<status status="PASS" starttime="20241126 14:00:38.379" endtime="20241126 14:00:38.379"/>
</kw>
<kw name="Run Application" library="AppLibrary">
<status status="PASS" starttime="20241126 14:00:38.379" endtime="20241126 14:00:38.379"/>
</kw>
<status status="PASS" starttime="20241126 14:00:38.379" endtime="20241126 14:00:38.379"/>
</kw>
<kw name="Output Should Contain" library="AppLibrary">
<arg>Password must be at least 8 characters long and contain at least one non-letter character</arg>
<status status="PASS" starttime="20241126 14:00:38.379" endtime="20241126 14:00:38.379"/>
</kw>
<status status="PASS" starttime="20241126 14:00:38.379" endtime="20241126 14:00:38.379"/>
</test>
<status status="PASS" starttime="20241126 14:00:38.375" endtime="20241126 14:00:38.379"/>
</suite>
<status status="PASS" starttime="20241126 14:00:38.357" endtime="20241126 14:00:38.379"/>
</suite>
<statistics>
<total>
<stat pass="7" fail="0" skip="0">All Tests</stat>
</total>
<tag>
</tag>
<suite>
<stat pass="7" fail="0" skip="0" id="s1" name="Tests">Tests</stat>
<stat pass="1" fail="0" skip="0" id="s1-s1" name="Login">Tests.Login</stat>
<stat pass="6" fail="0" skip="0" id="s1-s2" name="Register">Tests.Register</stat>
</suite>
</statistics>
<errors>
</errors>
</robot>
